{
  "RSpec": {
    "coverage": {
      "/home/icaro/ribon/pokedex-api/spec/models/pokemon_spec.rb": [
        1,
        null,
        1,
        2,
        2,
        2,
        2,
        null,
        null
      ],
      "/home/icaro/ribon/pokedex-api/spec/rails_helper.rb": [
        null,
        1,
        1,
        1,
        1,
        null,
        1,
        1,
        null,
        null,
        null,
        null,
        null,
        null,
        null,
        null,
        null,
        null,
        null,
        null,
        null,
        null,
        null,
        2,
        null,
        null,
        null,
        null,
        1,
        null,
        0,
        0,
        null,
        null,
        1,
        1,
        1,
        1,
        null,
        null,
        null,
        1,
        null,
        1,
        null,
        null,
        null,
        null,
        1,
        null,
        null,
        null,
        null,
        null,
        null,
        null,
        null,
        null,
        null,
        null,
        null,
        null,
        null,
        1,
        null,
        1,
        null,
        null,
        1,
        null,
        null,
        null,
        null,
        1,
        null,
        null,
        1,
        1,
        1,
        null,
        null,
        null,
        1,
        23,
        23,
        null,
        null,
        null,
        null
      ],
      "/home/icaro/ribon/pokedex-api/config/environment.rb": [
        null,
        1,
        null,
        null,
        1
      ],
      "/home/icaro/ribon/pokedex-api/config/application.rb": [
        1,
        null,
        1,
        null,
        1,
        1,
        1,
        1,
        1,
        1,
        1,
        1,
        null,
        1,
        null,
        null,
        null,
        1,
        null,
        1,
        1,
        null,
        1,
        null,
        null,
        null,
        null,
        null,
        null,
        null,
        null,
        null,
        null,
        null,
        null,
        null,
        null,
        null,
        null,
        null,
        null,
        1,
        null,
        null
      ],
      "/home/icaro/ribon/pokedex-api/config/boot.rb": [
        1,
        null,
        1,
        1
      ],
      "/home/icaro/ribon/pokedex-api/config/environments/test.rb": [
        1,
        null,
        null,
        null,
        null,
        null,
        null,
        1,
        null,
        null,
        null,
        null,
        1,
        null,
        null,
        1,
        1,
        null,
        null,
        null,
        null,
        1,
        1,
        null,
        null,
        1,
        null,
        null,
        1,
        null,
        null,
        1,
        null,
        1,
        null,
        null,
        null,
        null,
        1,
        null,
        null,
        1,
        null,
        null,
        null,
        null
      ],
      "/home/icaro/ribon/pokedex-api/config/initializers/application_controller_renderer.rb": [
        null,
        null,
        null,
        null,
        null,
        null,
        null,
        null
      ],
      "/home/icaro/ribon/pokedex-api/config/initializers/backtrace_silencers.rb": [
        null,
        null,
        null,
        null,
        null,
        null,
        null
      ],
      "/home/icaro/ribon/pokedex-api/config/initializers/cors.rb": [
        null,
        null,
        null,
        null,
        null,
        null,
        null,
        1,
        1,
        1,
        1,
        null,
        null,
        null,
        null,
        null
      ],
      "/home/icaro/ribon/pokedex-api/config/initializers/filter_parameter_logging.rb": [
        null,
        null,
        null,
        1
      ],
      "/home/icaro/ribon/pokedex-api/config/initializers/inflections.rb": [
        null,
        null,
        null,
        null,
        null,
        null,
        null,
        null,
        null,
        null,
        null,
        null,
        null,
        null,
        null,
        null
      ],
      "/home/icaro/ribon/pokedex-api/config/initializers/mime_types.rb": [
        null,
        null,
        null,
        null
      ],
      "/home/icaro/ribon/pokedex-api/config/initializers/wrap_parameters.rb": [
        null,
        null,
        null,
        null,
        null,
        null,
        1,
        2,
        null,
        null,
        null,
        null,
        null,
        null
      ],
      "/home/icaro/ribon/pokedex-api/spec/factories/pokemon.rb": [
        1,
        1,
        151,
        151,
        null,
        null,
        null
      ],
      "/home/icaro/ribon/pokedex-api/spec/factories/types.rb": [
        1,
        1,
        29,
        null,
        null,
        null
      ],
      "/home/icaro/ribon/pokedex-api/config/routes.rb": [
        1,
        1,
        1,
        1,
        1,
        null,
        null,
        null,
        null
      ],
      "/home/icaro/ribon/pokedex-api/spec/support/request_spec_helper.rb": [
        1,
        null,
        1,
        8,
        null,
        null,
        null
      ],
      "/home/icaro/ribon/pokedex-api/app/models/pokemon.rb": [
        1,
        null,
        1,
        1,
        null,
        null,
        1,
        null,
        1,
        null,
        1,
        null,
        1,
        158,
        6,
        2,
        null,
        null,
        null,
        null,
        null
      ],
      "/home/icaro/ribon/pokedex-api/app/models/application_record.rb": [
        1,
        1,
        null
      ],
      "/home/icaro/ribon/pokedex-api/spec/models/type_spec.rb": [
        1,
        null,
        1,
        2,
        2,
        null,
        null
      ],
      "/home/icaro/ribon/pokedex-api/app/models/type.rb": [
        1,
        1,
        1,
        null
      ],
      "/home/icaro/ribon/pokedex-api/spec/requests/pokemons_spec.rb": [
        1,
        null,
        1,
        null,
        16,
        7,
        null,
        5,
        5,
        null,
        null,
        1,
        null,
        3,
        null,
        1,
        null,
        1,
        1,
        null,
        null,
        1,
        1,
        null,
        null,
        null,
        null,
        1,
        5,
        null,
        1,
        1,
        1,
        1,
        null,
        null,
        1,
        1,
        null,
        null,
        null,
        1,
        3,
        null,
        1,
        1,
        null,
        null,
        1,
        1,
        null,
        null,
        null,
        null,
        1,
        null,
        3,
        null,
        1,
        3,
        null,
        1,
        1,
        1,
        null,
        null,
        1,
        1,
        null,
        null,
        null,
        1,
        3,
        3,
        null,
        null,
        1,
        null,
        null,
        null,
        null,
        null,
        null,
        1,
        1,
        null,
        null,
        1,
        1,
        null,
        null,
        null,
        1,
        2,
        2,
        null,
        1,
        null,
        1,
        1,
        null,
        null,
        null,
        null,
        null,
        null,
        null,
        null,
        null,
        null,
        null,
        null,
        null,
        null,
        null,
        null,
        1,
        3,
        null,
        1,
        3,
        null,
        1,
        1,
        null,
        null,
        1,
        1,
        null,
        null,
        null,
        1,
        1,
        2,
        null,
        1,
        null,
        1,
        1,
        1,
        1,
        null,
        null,
        null,
        null,
        null,
        1,
        2,
        null,
        1,
        1,
        null,
        null,
        null
      ],
      "/home/icaro/ribon/pokedex-api/spec/requests/types_spec.rb": [
        1,
        null,
        1,
        null,
        3,
        1,
        null,
        null,
        1,
        null,
        3,
        null,
        1,
        null,
        1,
        1,
        null,
        null,
        1,
        1,
        null,
        null,
        null
      ],
      "/home/icaro/ribon/pokedex-api/app/controllers/api/v1/pokemons_controller.rb": [
        1,
        1,
        null,
        null,
        1,
        2,
        2,
        null,
        null,
        null,
        1,
        2,
        null,
        null,
        null,
        1,
        5,
        null,
        5,
        2,
        2,
        null,
        null,
        5,
        2,
        null,
        2,
        null,
        null,
        null,
        null,
        1,
        3,
        2,
        2,
        2,
        null,
        null,
        3,
        2,
        null,
        0,
        null,
        null,
        null,
        null,
        1,
        1,
        null,
        null,
        1,
        null,
        1,
        8,
        null,
        null,
        null,
        1,
        8,
        null,
        null
      ],
      "/home/icaro/ribon/pokedex-api/app/controllers/application_controller.rb": [
        1,
        1,
        null
      ],
      "/home/icaro/ribon/pokedex-api/app/controllers/concerns/exception_handler.rb": [
        1,
        1,
        null,
        1,
        1,
        2,
        null,
        null,
        1,
        0,
        null,
        null,
        1,
        1,
        null,
        null,
        1,
        1,
        null,
        null,
        null
      ],
      "/home/icaro/ribon/pokedex-api/app/serializers/pokemon_serializer.rb": [
        1,
        1,
        null
      ],
      "/home/icaro/ribon/pokedex-api/app/serializers/pokemon_detailed_serializer.rb": [
        1,
        1,
        null,
        1,
        1,
        null,
        1,
        4,
        0,
        null,
        null,
        null,
        1,
        4,
        0,
        null,
        null,
        null,
        null
      ],
      "/home/icaro/ribon/pokedex-api/app/controllers/api/v1/types_controller.rb": [
        1,
        1,
        null,
        null,
        1,
        2,
        null,
        2,
        null,
        null,
        null
      ],
      "/home/icaro/ribon/pokedex-api/app/serializers/type_serializer.rb": [
        1,
        1,
        null,
        null
      ]
    },
    "timestamp": 1555265558
  }
}
